Using pre-set license
Built from '2020.3/staging' branch; Version is '2020.3.5f1 (8095aa901b9b) revision 8426922'; Using compiler version '192528614'; Build Type 'Release'
OS: 'Windows 10 Pro; OS build 19041.985; Version 2004; 64bit' Language: 'en' Physical Memory: 16343 MB
BatchMode: 1, IsHumanControllingUs: 0, StartBugReporterOnCrash: 0, Is64bit: 1, IsPro: 0

 COMMAND LINE ARGUMENTS:
C:\Program Files\Unity\Hub\Editor\2020.3.5f1\Editor\Unity.exe
-adb2
-batchMode
-noUpm
-name
AssetImportWorker0
-projectPath
C:/Users/Krstoo/Documents/GitHub/LutaPtica
-logFile
Logs/AssetImportWorker0.log
-srvPort
60821
Successfully changed project path to: C:/Users/Krstoo/Documents/GitHub/LutaPtica
C:/Users/Krstoo/Documents/GitHub/LutaPtica
Using Asset Import Pipeline V2.
Refreshing native plugins compatible for Editor in 26.88 ms, found 0 plugins.
Preloading 0 native plugins for Editor in 0.00 ms.
Initialize engine version: 2020.3.5f1 (8095aa901b9b)
[Subsystems] Discovering subsystems at path C:/Program Files/Unity/Hub/Editor/2020.3.5f1/Editor/Data/Resources/UnitySubsystems
[Subsystems] Discovering subsystems at path C:/Users/Krstoo/Documents/GitHub/LutaPtica/Assets
GfxDevice: creating device client; threaded=0
Direct3D:
    Version:  Direct3D 11.0 [level 11.1]
    Renderer: NVIDIA GeForce GTX 1060 6GB (ID=0x1c06)
    Vendor:   
    VRAM:     6052 MB
    Driver:   27.21.14.6611
Initialize mono
Mono path[0] = 'C:/Program Files/Unity/Hub/Editor/2020.3.5f1/Editor/Data/Managed'
Mono path[1] = 'C:/Program Files/Unity/Hub/Editor/2020.3.5f1/Editor/Data/MonoBleedingEdge/lib/mono/unityjit'
Mono config path = 'C:/Program Files/Unity/Hub/Editor/2020.3.5f1/Editor/Data/MonoBleedingEdge/etc'
Using monoOptions --debugger-agent=transport=dt_socket,embedding=1,server=y,suspend=n,address=127.0.0.1:56044
Begin MonoManager ReloadAssembly
Registering precompiled unity dll's ...
Register platform support module: C:/Program Files/Unity/Hub/Editor/2020.3.5f1/Editor/Data/PlaybackEngines/WindowsStandaloneSupport/UnityEditor.WindowsStandalone.Extensions.dll
Registered in 0.001929 seconds.
Native extension for WindowsStandalone target not found
Refreshing native plugins compatible for Editor in 26.94 ms, found 0 plugins.
Preloading 0 native plugins for Editor in 0.00 ms.
Mono: successfully reloaded assembly
- Completed reload, in  1.911 seconds
Platform modules already initialized, skipping
Registering precompiled user dll's ...
Registered in 0.000807 seconds.
Begin MonoManager ReloadAssembly
Native extension for WindowsStandalone target not found
Refreshing native plugins compatible for Editor in 0.33 ms, found 0 plugins.
Preloading 0 native plugins for Editor in 0.00 ms.
Mono: successfully reloaded assembly
- Completed reload, in  0.942 seconds
Platform modules already initialized, skipping
========================================================================
Worker process is ready to serve import requests
Launched and connected shader compiler UnityShaderCompiler.exe after 0.04 seconds
Refreshing native plugins compatible for Editor in 0.23 ms, found 0 plugins.
Preloading 0 native plugins for Editor in 0.00 ms.
Unloading 1252 Unused Serialized files (Serialized files now loaded: 0)
System memory in use before: 82.4 MB.
System memory in use after: 82.5 MB.

Unloading 9 unused Assets to reduce memory usage. Loaded Objects now: 1719.
Total: 1.952800 ms (FindLiveObjects: 0.150800 ms CreateObjectMapping: 0.122000 ms MarkObjects: 1.655400 ms  DeleteObjects: 0.023700 ms)

========================================================================
Received Prepare
Registering precompiled user dll's ...
Registered in 0.000667 seconds.
Begin MonoManager ReloadAssembly
Native extension for WindowsStandalone target not found
Refreshing native plugins compatible for Editor in 0.25 ms, found 0 plugins.
Preloading 0 native plugins for Editor in 0.00 ms.
Mono: successfully reloaded assembly
- Completed reload, in  0.824 seconds
Platform modules already initialized, skipping
Refreshing native plugins compatible for Editor in 0.27 ms, found 0 plugins.
Preloading 0 native plugins for Editor in 0.00 ms.
Unloading 1232 Unused Serialized files (Serialized files now loaded: 0)
System memory in use before: 80.8 MB.
System memory in use after: 80.9 MB.

Unloading 4 unused Assets to reduce memory usage. Loaded Objects now: 1722.
Total: 2.023300 ms (FindLiveObjects: 0.153100 ms CreateObjectMapping: 0.043800 ms MarkObjects: 1.789400 ms  DeleteObjects: 0.036100 ms)

========================================================================
Received Import Request.
  path: Assets/Scripts/CameraFollow.cs
  artifactKey: Guid(0517b2648ab603c47bdf232fb1fd6d07) Importer(815301076,1909f56bfc062723c751e8b465ee728b)
Start importing Assets/Scripts/CameraFollow.cs using Guid(0517b2648ab603c47bdf232fb1fd6d07) Importer(815301076,1909f56bfc062723c751e8b465ee728b)  -> (artifact id: 'afa782ead0a770eefcad9764cc6bab3c') in 0.040535 seconds
  Import took 0.043042 seconds .

========================================================================
Received Prepare
Registering precompiled user dll's ...
Registered in 0.000673 seconds.
Begin MonoManager ReloadAssembly
Native extension for WindowsStandalone target not found
Refreshing native plugins compatible for Editor in 0.21 ms, found 0 plugins.
Preloading 0 native plugins for Editor in 0.00 ms.
Mono: successfully reloaded assembly
- Completed reload, in  0.818 seconds
Platform modules already initialized, skipping
Refreshing native plugins compatible for Editor in 0.38 ms, found 0 plugins.
Preloading 0 native plugins for Editor in 0.00 ms.
Unloading 1231 Unused Serialized files (Serialized files now loaded: 0)
System memory in use before: 80.9 MB.
System memory in use after: 81.0 MB.

Unloading 5 unused Assets to reduce memory usage. Loaded Objects now: 1724.
Total: 1.824800 ms (FindLiveObjects: 0.132600 ms CreateObjectMapping: 0.037900 ms MarkObjects: 1.623000 ms  DeleteObjects: 0.030400 ms)

========================================================================
Received Import Request.
  Time since last request: 17.553998 seconds.
  path: Assets/Scripts/CameraFixAspectRatio.cs
  artifactKey: Guid(fad15255c64e0354f825e49fba12b4d5) Importer(815301076,1909f56bfc062723c751e8b465ee728b)
Start importing Assets/Scripts/CameraFixAspectRatio.cs using Guid(fad15255c64e0354f825e49fba12b4d5) Importer(815301076,1909f56bfc062723c751e8b465ee728b)  -> (artifact id: '511f615ba35794fb0bc833bb0409176b') in 0.009085 seconds
  Import took 0.013948 seconds .

========================================================================
Received Prepare
Registering precompiled user dll's ...
Registered in 0.000714 seconds.
Begin MonoManager ReloadAssembly
Native extension for WindowsStandalone target not found
Refreshing native plugins compatible for Editor in 0.22 ms, found 0 plugins.
Preloading 0 native plugins for Editor in 0.00 ms.
Mono: successfully reloaded assembly
- Completed reload, in  0.896 seconds
Platform modules already initialized, skipping
Refreshing native plugins compatible for Editor in 0.25 ms, found 0 plugins.
Preloading 0 native plugins for Editor in 0.00 ms.
Unloading 1230 Unused Serialized files (Serialized files now loaded: 0)
System memory in use before: 80.9 MB.
System memory in use after: 81.0 MB.

Unloading 5 unused Assets to reduce memory usage. Loaded Objects now: 1726.
Total: 2.332800 ms (FindLiveObjects: 0.211600 ms CreateObjectMapping: 0.049300 ms MarkObjects: 2.052900 ms  DeleteObjects: 0.018200 ms)

========================================================================
Received Import Request.
  Time since last request: 119.838420 seconds.
  path: Assets/Scenes/lvl2.unity
  artifactKey: Guid(61afe465e27fbe9429e758f926f3bee8) Importer(815301076,1909f56bfc062723c751e8b465ee728b)
Start importing Assets/Scenes/lvl2.unity using Guid(61afe465e27fbe9429e758f926f3bee8) Importer(815301076,1909f56bfc062723c751e8b465ee728b)  -> (artifact id: 'c42a85d7b6851f66693551df5476cee4') in 0.028009 seconds
  Import took 0.030919 seconds .

========================================================================
Received Prepare
Registering precompiled user dll's ...
Registered in 0.000687 seconds.
Begin MonoManager ReloadAssembly
Native extension for WindowsStandalone target not found
Refreshing native plugins compatible for Editor in 0.22 ms, found 0 plugins.
Preloading 0 native plugins for Editor in 0.00 ms.
Mono: successfully reloaded assembly
- Completed reload, in  0.903 seconds
Platform modules already initialized, skipping
Refreshing native plugins compatible for Editor in 0.23 ms, found 0 plugins.
Preloading 0 native plugins for Editor in 0.00 ms.
Unloading 1230 Unused Serialized files (Serialized files now loaded: 0)
System memory in use before: 80.9 MB.
System memory in use after: 81.0 MB.

Unloading 4 unused Assets to reduce memory usage. Loaded Objects now: 1729.
Total: 2.520300 ms (FindLiveObjects: 0.854700 ms CreateObjectMapping: 0.073800 ms MarkObjects: 1.563400 ms  DeleteObjects: 0.027300 ms)

========================================================================
Received Import Request.
  Time since last request: 19.360742 seconds.
  path: Assets/Scenes/lvl4.unity
  artifactKey: Guid(34dcaf1c96aba5f4dbf4a843761bafd5) Importer(815301076,1909f56bfc062723c751e8b465ee728b)
Start importing Assets/Scenes/lvl4.unity using Guid(34dcaf1c96aba5f4dbf4a843761bafd5) Importer(815301076,1909f56bfc062723c751e8b465ee728b)  -> (artifact id: '74c6ce135ff75d0c8dfe144ac3f683a9') in 0.020640 seconds
  Import took 0.023032 seconds .

========================================================================
Received Import Request.
  Time since last request: 32.508502 seconds.
  path: Assets/Scenes/lvl1.unity
  artifactKey: Guid(4a326b4413a8cec44b3aa2d59ea66163) Importer(815301076,1909f56bfc062723c751e8b465ee728b)
Start importing Assets/Scenes/lvl1.unity using Guid(4a326b4413a8cec44b3aa2d59ea66163) Importer(815301076,1909f56bfc062723c751e8b465ee728b)  -> (artifact id: '4723c147842f75311d65947511a8e8fa') in 0.010413 seconds
  Import took 0.015166 seconds .

========================================================================
Received Import Request.
  Time since last request: 0.000745 seconds.
  path: Assets/Scenes/lvl1.unity
  artifactKey: Guid(4a326b4413a8cec44b3aa2d59ea66163) Importer(815301076,1909f56bfc062723c751e8b465ee728b)
Start importing Assets/Scenes/lvl1.unity using Guid(4a326b4413a8cec44b3aa2d59ea66163) Importer(815301076,1909f56bfc062723c751e8b465ee728b)  -> (artifact id: '4723c147842f75311d65947511a8e8fa') in 0.009481 seconds
  Import took 0.012268 seconds .

========================================================================
Received Import Request.
  Time since last request: 2.592016 seconds.
  path: Assets/Scenes/Home.unity
  artifactKey: Guid(73830107a53c4e041af964d0226977c4) Importer(815301076,1909f56bfc062723c751e8b465ee728b)
Start importing Assets/Scenes/Home.unity using Guid(73830107a53c4e041af964d0226977c4) Importer(815301076,1909f56bfc062723c751e8b465ee728b)  -> (artifact id: '400265dc439217a3163b80c6d807f749') in 0.010803 seconds
  Import took 0.014609 seconds .

========================================================================
Received Import Request.
  Time since last request: 0.000254 seconds.
  path: Assets/Scenes/Home.unity
  artifactKey: Guid(73830107a53c4e041af964d0226977c4) Importer(815301076,1909f56bfc062723c751e8b465ee728b)
Start importing Assets/Scenes/Home.unity using Guid(73830107a53c4e041af964d0226977c4) Importer(815301076,1909f56bfc062723c751e8b465ee728b)  -> (artifact id: '400265dc439217a3163b80c6d807f749') in 0.003214 seconds
  Import took 0.007236 seconds .

========================================================================
Received Import Request.
  Time since last request: 3.505005 seconds.
  path: Assets/Scenes/howtoplay.unity
  artifactKey: Guid(9c6ccd98828b74045854833e063528ad) Importer(815301076,1909f56bfc062723c751e8b465ee728b)
Start importing Assets/Scenes/howtoplay.unity using Guid(9c6ccd98828b74045854833e063528ad) Importer(815301076,1909f56bfc062723c751e8b465ee728b)  -> (artifact id: '629f3edaf90f0ccfe5ded735efcc2c3b') in 0.010374 seconds
  Import took 0.014947 seconds .

========================================================================
Received Import Request.
  Time since last request: 5.064912 seconds.
  path: Assets/Scenes/lvl2.unity
  artifactKey: Guid(61afe465e27fbe9429e758f926f3bee8) Importer(815301076,1909f56bfc062723c751e8b465ee728b)
Start importing Assets/Scenes/lvl2.unity using Guid(61afe465e27fbe9429e758f926f3bee8) Importer(815301076,1909f56bfc062723c751e8b465ee728b)  -> (artifact id: 'bcd649d7d7d42cd6c710933f77ded0b8') in 0.008706 seconds
  Import took 0.011497 seconds .

========================================================================
Received Import Request.
  Time since last request: 2.340983 seconds.
  path: Assets/Scenes/lvl3.unity
  artifactKey: Guid(f330de08c08efbd4a8ab98a74081977d) Importer(815301076,1909f56bfc062723c751e8b465ee728b)
Start importing Assets/Scenes/lvl3.unity using Guid(f330de08c08efbd4a8ab98a74081977d) Importer(815301076,1909f56bfc062723c751e8b465ee728b)  -> (artifact id: 'b2ec59a4b5f5446dc097452251bc53bb') in 0.007788 seconds
  Import took 0.023578 seconds .

========================================================================
Received Import Request.
  Time since last request: 2.687793 seconds.
  path: Assets/Scenes/lvl4.unity
  artifactKey: Guid(34dcaf1c96aba5f4dbf4a843761bafd5) Importer(815301076,1909f56bfc062723c751e8b465ee728b)
Start importing Assets/Scenes/lvl4.unity using Guid(34dcaf1c96aba5f4dbf4a843761bafd5) Importer(815301076,1909f56bfc062723c751e8b465ee728b)  -> (artifact id: 'a72a09d7dc8f96ac8e50223f7591238c') in 0.007661 seconds
  Import took 0.023433 seconds .

========================================================================
Received Import Request.
  Time since last request: 2.040966 seconds.
  path: Assets/Scenes/lvl5.unity
  artifactKey: Guid(7eda829ad0545464abfb90f347b7ae8b) Importer(815301076,1909f56bfc062723c751e8b465ee728b)
Start importing Assets/Scenes/lvl5.unity using Guid(7eda829ad0545464abfb90f347b7ae8b) Importer(815301076,1909f56bfc062723c751e8b465ee728b)  -> (artifact id: '66abf5680e74d4fd0ce683fcd861427e') in 0.010449 seconds
  Import took 0.013193 seconds .

========================================================================
Received Prepare
Refreshing native plugins compatible for Editor in 0.72 ms, found 0 plugins.
Preloading 0 native plugins for Editor in 0.00 ms.
Unloading 2 Unused Serialized files (Serialized files now loaded: 0)
System memory in use before: 56.7 MB.
System memory in use after: 56.8 MB.

Unloading 2 unused Assets to reduce memory usage. Loaded Objects now: 1729.
Total: 2.305800 ms (FindLiveObjects: 0.196000 ms CreateObjectMapping: 0.036600 ms MarkObjects: 2.046700 ms  DeleteObjects: 0.025500 ms)

========================================================================
Received Prepare
Registering precompiled user dll's ...
Registered in 0.001675 seconds.
Begin MonoManager ReloadAssembly
Native extension for WindowsStandalone target not found
Refreshing native plugins compatible for Editor in 0.27 ms, found 0 plugins.
Preloading 0 native plugins for Editor in 0.00 ms.
Mono: successfully reloaded assembly
- Completed reload, in  1.797 seconds
Platform modules already initialized, skipping
Refreshing native plugins compatible for Editor in 0.35 ms, found 0 plugins.
Preloading 0 native plugins for Editor in 0.00 ms.
Unloading 1230 Unused Serialized files (Serialized files now loaded: 0)
System memory in use before: 80.9 MB.
System memory in use after: 81.0 MB.

Unloading 4 unused Assets to reduce memory usage. Loaded Objects now: 1732.
Total: 4.172700 ms (FindLiveObjects: 0.348100 ms CreateObjectMapping: 0.061600 ms MarkObjects: 3.743900 ms  DeleteObjects: 0.016800 ms)

========================================================================
Received Prepare
Refreshing native plugins compatible for Editor in 0.71 ms, found 0 plugins.
Preloading 0 native plugins for Editor in 0.00 ms.
Unloading 2 Unused Serialized files (Serialized files now loaded: 0)
System memory in use before: 56.7 MB.
System memory in use after: 56.8 MB.

Unloading 2 unused Assets to reduce memory usage. Loaded Objects now: 1732.
Total: 1.837400 ms (FindLiveObjects: 0.207200 ms CreateObjectMapping: 0.045300 ms MarkObjects: 1.569400 ms  DeleteObjects: 0.013900 ms)

AssetImportWorkerClient::OnTransportError - code=2 error=End of file
